<?xml version="1.0" encoding="UTF-8"?>
<!-- Generated by org.testng.reporters.JUnitReportReporter -->
<testsuite hostname="DESKTOP-LC07NHQ" failures="0" tests="3" name="testscripts.LoginTest" time="70.508" errors="0" timestamp="2022-11-13T01:52:05 IST" skipped="0">
  <testcase classname="testscripts.LoginTest" name="tc1" time="29.977"/>
  <system-out/>
  <testcase classname="testscripts.LoginTest" name="tc1_Negative" time="18.327"/>
  <system-out/>
  <testcase classname="testscripts.LoginTest" name="tc1" time="22.204"/>
  <system-out/>
</testsuite> <!-- testscripts.LoginTest -->
