<?xml version="1.0" encoding="UTF-8"?>
<!-- Generated by org.testng.reporters.JUnitReportReporter -->
<testsuite hostname="DESKTOP-LC07NHQ" failures="0" tests="1" name="testscripts.DashboardTest" time="52.094" errors="0" timestamp="2022-11-16T00:37:15 IST" skipped="0">
  <testcase classname="testscripts.DashboardTest" name="verifyProfileAboutContentTest" time="52.094"/>
  <system-out/>
</testsuite> <!-- testscripts.DashboardTest -->
