<?xml version="1.0" encoding="UTF-8"?>
<!-- Generated by org.testng.reporters.JUnitReportReporter -->
<testsuite hostname="DESKTOP-LC07NHQ" failures="0" tests="1" name="testscripts.DashboardTest" time="33.878" errors="0" timestamp="2022-11-14T01:27:15 IST" skipped="0">
  <testcase classname="testscripts.DashboardTest" name="verifyWidgetsCountandText" time="33.878"/>
  <system-out/>
</testsuite> <!-- testscripts.DashboardTest -->
